This file contains any messages produced by compilers while
running configure, to aid debugging if configure makes a mistake.

It was created by configure, which was
generated by GNU Autoconf 2.57.  Invocation command line was

  $ ./configure 

## --------- ##
## Platform. ##
## --------- ##

hostname = debian
uname -m = i686
uname -r = 2.2.19
uname -s = Linux
uname -v = #1 Sat Jun 9 13:04:06 EST 2001

/usr/bin/uname -p = unknown
/bin/uname -X     = unknown

/bin/arch              = i686
/usr/bin/arch -k       = unknown
/usr/convex/getsysinfo = unknown
hostinfo               = unknown
/bin/machine           = unknown
/usr/bin/oslevel       = unknown
/bin/universe          = unknown

PATH: /usr/local/bin
PATH: /usr/bin
PATH: /bin
PATH: /usr/X11R6/bin
PATH: /usr/games


## ----------- ##
## Core tests. ##
## ----------- ##

configure:1271: checking for a BSD-compatible install
configure:1325: result: /usr/bin/install -c
configure:1336: checking whether build environment is sane
configure:1379: result: yes
configure:1394: checking whether make sets $(MAKE)
configure:1414: result: yes
configure:1446: checking for working aclocal-1.4
configure:1453: result: found
configure:1461: checking for working autoconf
configure:1468: result: found
configure:1476: checking for working automake-1.4
configure:1483: result: found
configure:1491: checking for working autoheader
configure:1498: result: found
configure:1506: checking for working makeinfo
configure:1513: result: found
configure:1574: checking for gcc
configure:1590: found /usr/bin/gcc
configure:1600: result: gcc
configure:1844: checking for C compiler version
configure:1847: gcc --version </dev/null >&5
2.95.4
configure:1850: $? = 0
configure:1852: gcc -v </dev/null >&5
Reading specs from /usr/lib/gcc-lib/i386-linux/2.95.4/specs
gcc version 2.95.4 20011002 (Debian prerelease)
configure:1855: $? = 0
configure:1857: gcc -V </dev/null >&5
gcc: argument to `-V' is missing
configure:1860: $? = 1
configure:1884: checking for C compiler default output
configure:1887: gcc    conftest.c  >&5
configure:1890: $? = 0
configure:1936: result: a.out
configure:1941: checking whether the C compiler works
configure:1947: ./a.out
configure:1950: $? = 0
configure:1967: result: yes
configure:1974: checking whether we are cross compiling
configure:1976: result: no
configure:1979: checking for suffix of executables
configure:1981: gcc -o conftest    conftest.c  >&5
configure:1984: $? = 0
configure:2009: result: 
configure:2015: checking for suffix of object files
configure:2037: gcc -c   conftest.c >&5
configure:2040: $? = 0
configure:2062: result: o
configure:2066: checking whether we are using the GNU C compiler
configure:2091: gcc -c   conftest.c >&5
configure:2094: $? = 0
configure:2097: test -s conftest.o
configure:2100: $? = 0
configure:2113: result: yes
configure:2119: checking whether gcc accepts -g
configure:2141: gcc -c -g  conftest.c >&5
configure:2144: $? = 0
configure:2147: test -s conftest.o
configure:2150: $? = 0
configure:2161: result: yes
configure:2178: checking for gcc option to accept ANSI C
configure:2239: gcc  -c -g -O2  conftest.c >&5
configure:2242: $? = 0
configure:2245: test -s conftest.o
configure:2248: $? = 0
configure:2266: result: none needed
configure:2284: gcc -c -g -O2  conftest.c >&5
conftest.c:2: parse error before `me'
configure:2287: $? = 1
configure: failed program was:
| #ifndef __cplusplus
|   choke me
| #endif
configure:2398: checking for strerror in -lcposix
configure:2429: gcc -o conftest -g -O2   conftest.c -lcposix   >&5
/usr/bin/ld: cannot find -lcposix
collect2: ld returned 1 exit status
configure:2432: $? = 1
configure: failed program was:
| #line 2405 "configure"
| /* confdefs.h.  */
| 
| #define PACKAGE_NAME ""
| #define PACKAGE_TARNAME ""
| #define PACKAGE_VERSION ""
| #define PACKAGE_STRING ""
| #define PACKAGE_BUGREPORT ""
| #define PACKAGE "ok_project"
| #define VERSION "0.1"
| /* end confdefs.h.  */
| 
| /* Override any gcc2 internal prototype to avoid an error.  */
| #ifdef __cplusplus
| extern "C"
| #endif
| /* We use char because int might match the return type of a gcc2
|    builtin and then its argument prototype would still apply.  */
| char strerror ();
| int
| main ()
| {
| strerror ();
|   ;
|   return 0;
| }
configure:2450: result: no
configure:2504: checking for gcc
configure:2530: result: gcc
configure:2774: checking for C compiler version
configure:2777: gcc --version </dev/null >&5
2.95.4
configure:2780: $? = 0
configure:2782: gcc -v </dev/null >&5
Reading specs from /usr/lib/gcc-lib/i386-linux/2.95.4/specs
gcc version 2.95.4 20011002 (Debian prerelease)
configure:2785: $? = 0
configure:2787: gcc -V </dev/null >&5
gcc: argument to `-V' is missing
configure:2790: $? = 1
configure:2793: checking whether we are using the GNU C compiler
configure:2840: result: yes
configure:2846: checking whether gcc accepts -g
configure:2888: result: yes
configure:2905: checking for gcc option to accept ANSI C
configure:2993: result: none needed
configure:3011: gcc -c -g -O2  conftest.c >&5
conftest.c:2: parse error before `me'
configure:3014: $? = 1
configure: failed program was:
| #ifndef __cplusplus
|   choke me
| #endif
configure:3126: checking for gcc option to accept ANSI C
configure:3189: gcc  -c -g -O2  conftest.c >&5
configure:3192: $? = 0
configure:3195: test -s conftest.o
configure:3198: $? = 0
configure:3213: result: none needed
configure:3229: checking how to run the C preprocessor
configure:3265: gcc -E  conftest.c
configure:3271: $? = 0
configure:3303: gcc -E  conftest.c
configure:3304: ac_nonexistent.h: No such file or directory
configure:3309: $? = 1
configure: failed program was:
| #line 3294 "configure"
| /* confdefs.h.  */
| 
| #define PACKAGE_NAME ""
| #define PACKAGE_TARNAME ""
| #define PACKAGE_VERSION ""
| #define PACKAGE_STRING ""
| #define PACKAGE_BUGREPORT ""
| #define PACKAGE "ok_project"
| #define VERSION "0.1"
| /* end confdefs.h.  */
| #include <ac_nonexistent.h>
configure:3347: result: gcc -E
configure:3372: gcc -E  conftest.c
configure:3378: $? = 0
configure:3410: gcc -E  conftest.c
configure:3411: ac_nonexistent.h: No such file or directory
configure:3416: $? = 1
configure: failed program was:
| #line 3401 "configure"
| /* confdefs.h.  */
| 
| #define PACKAGE_NAME ""
| #define PACKAGE_TARNAME ""
| #define PACKAGE_VERSION ""
| #define PACKAGE_STRING ""
| #define PACKAGE_BUGREPORT ""
| #define PACKAGE "ok_project"
| #define VERSION "0.1"
| /* end confdefs.h.  */
| #include <ac_nonexistent.h>
configure:3459: checking for egrep
configure:3469: result: grep -E
configure:3474: checking for ANSI C header files
configure:3500: gcc -c -g -O2  conftest.c >&5
configure:3503: $? = 0
configure:3506: test -s conftest.o
configure:3509: $? = 0
configure:3598: gcc -o conftest -g -O2   conftest.c  >&5
configure:3601: $? = 0
configure:3603: ./conftest
configure:3606: $? = 0
configure:3621: result: yes
configure:3680: checking for gtk-config
configure:3698: found /usr/bin/gtk-config
configure:3711: result: /usr/bin/gtk-config
configure:3719: checking for GTK - version >= 1.2.0
configure:3826: gcc -o conftest -g -O2 -I/usr/include/gtk-1.2 -I/usr/include/glib-1.2 -I/usr/lib/glib/include -I/usr/X11R6/include   conftest.c -L/usr/lib -L/usr/X11R6/lib -lgtk -lgdk -rdynamic -lgmodule -lglib -ldl -lXi -lXext -lX11 -lm  >&5
configure:3829: $? = 0
configure:3831: ./conftest
configure:3834: $? = 0
configure:3852: result: yes
configure:4068: creating ./config.status

## ---------------------- ##
## Running config.status. ##
## ---------------------- ##

This file was extended by config.status, which was
generated by GNU Autoconf 2.57.  Invocation command line was

  CONFIG_FILES    = 
  CONFIG_HEADERS  = 
  CONFIG_LINKS    = 
  CONFIG_COMMANDS = 
  $ ./config.status 

on debian

config.status:639: creating Makefile
config.status:639: creating src/Makefile
config.status:743: creating config.h
config.status:834: config.h is unchanged
config.status:934: executing default-1 commands

## ---------------- ##
## Cache variables. ##
## ---------------- ##

ac_cv_c_compiler_gnu=yes
ac_cv_env_CC_set=
ac_cv_env_CC_value=
ac_cv_env_CFLAGS_set=
ac_cv_env_CFLAGS_value=
ac_cv_env_CPPFLAGS_set=
ac_cv_env_CPPFLAGS_value=
ac_cv_env_CPP_set=
ac_cv_env_CPP_value=
ac_cv_env_LDFLAGS_set=
ac_cv_env_LDFLAGS_value=
ac_cv_env_build_alias_set=
ac_cv_env_build_alias_value=
ac_cv_env_host_alias_set=
ac_cv_env_host_alias_value=
ac_cv_env_target_alias_set=
ac_cv_env_target_alias_value=
ac_cv_exeext=
ac_cv_header_stdc=yes
ac_cv_lib_cposix_strerror=no
ac_cv_objext=o
ac_cv_path_GTK_CONFIG=/usr/bin/gtk-config
ac_cv_path_install='/usr/bin/install -c'
ac_cv_prog_CPP='gcc -E'
ac_cv_prog_ac_ct_CC=gcc
ac_cv_prog_cc_g=yes
ac_cv_prog_cc_stdc=
ac_cv_prog_egrep='grep -E'
ac_cv_prog_make_make_set=yes
am_cv_prog_cc_stdc=

## ----------------- ##
## Output variables. ##
## ----------------- ##

ACLOCAL='aclocal-1.4'
AUTOCONF='autoconf'
AUTOHEADER='autoheader'
AUTOMAKE='automake-1.4'
CC='gcc'
CFLAGS='-g -O2 -Wall'
CPP='gcc -E'
CPPFLAGS=''
DEFS='-DHAVE_CONFIG_H'
ECHO_C=''
ECHO_N='-n'
ECHO_T=''
EGREP='grep -E'
EXEEXT=''
GTK_CFLAGS='-I/usr/include/gtk-1.2 -I/usr/include/glib-1.2 -I/usr/lib/glib/include -I/usr/X11R6/include'
GTK_CONFIG='/usr/bin/gtk-config'
GTK_LIBS='-L/usr/lib -L/usr/X11R6/lib -lgtk -lgdk -rdynamic -lgmodule -lglib -ldl -lXi -lXext -lX11 -lm'
INSTALL_DATA='${INSTALL} -m 644'
INSTALL_PROGRAM='${INSTALL}'
INSTALL_SCRIPT='${INSTALL}'
LDFLAGS=''
LIBOBJS=''
LIBS=''
LTLIBOBJS=''
MAKEINFO='makeinfo'
OBJEXT='o'
PACKAGE='ok_project'
PACKAGE_BUGREPORT=''
PACKAGE_NAME=''
PACKAGE_STRING=''
PACKAGE_TARNAME=''
PACKAGE_VERSION=''
PATH_SEPARATOR=':'
SET_MAKE=''
SHELL='/bin/sh'
VERSION='0.1'
ac_ct_CC='gcc'
bindir='${exec_prefix}/bin'
build_alias=''
datadir='${prefix}/share'
exec_prefix='${prefix}'
host_alias=''
includedir='${prefix}/include'
infodir='${prefix}/info'
libdir='${exec_prefix}/lib'
libexecdir='${exec_prefix}/libexec'
localstatedir='${prefix}/var'
mandir='${prefix}/man'
oldincludedir='/usr/include'
prefix='/usr/local'
program_transform_name='s,x,x,'
sbindir='${exec_prefix}/sbin'
sharedstatedir='${prefix}/com'
sysconfdir='${prefix}/etc'
target_alias=''

## ----------- ##
## confdefs.h. ##
## ----------- ##

#define PACKAGE "ok_project"
#define PACKAGE_BUGREPORT ""
#define PACKAGE_DATA_DIR "/usr/local/share/ok_project"
#define PACKAGE_NAME ""
#define PACKAGE_SOURCE_DIR "/home/nacs/Projects/Ok_project"
#define PACKAGE_STRING ""
#define PACKAGE_TARNAME ""
#define PACKAGE_VERSION ""
#define STDC_HEADERS 1
#define VERSION "0.1"

configure: exit 0
